<?xml version="1.0" encoding="UTF-8"?>
<!-- Generated by org.testng.reporters.JUnitXMLReporter -->
<testsuite ignored="6" hostname="LTIN173527" failures="0" tests="8" name="Chrome Test" time="113.151" errors="0" timestamp="2024-02-29T16:03:04 IST">
  <testcase classname="testCases.TC01_Homepage" name="TC001_Location" time="2.227"/>
  <testcase classname="testCases.TC01_Homepage" name="TC002_DropOption" time="0.484"/>
  <testcase classname="testCases.TC01_Homepage" name="TC003_DoctorSearch" time="0.141"/>
  <testcase classname="testCases.TC01_Homepage" name="TC004_SendDoctor" time="0.208"/>
  <testcase classname="testCases.TC01_Homepage" name="TC005_DoctorSelect" time="3.501"/>
  <testcase classname="testCases.TC02_DoctorPage" name="TC001_PatientStory" time="2.295"/>
  <testcase classname="testCases.TC003" name="third" time="11.773"/>
  <testcase classname="testCases.TC004" name="demo" time="47.263"/>
  <testcase classname="testBase.BaseClass" name="@AfterTest tearDown" time="0.0">
    <ignored/>
  </testcase> <!-- @AfterTest tearDown -->
  <testcase classname="testBase.BaseClass" name="@AfterTest tearDown" time="0.0">
    <ignored/>
  </testcase> <!-- @AfterTest tearDown -->
  <testcase classname="testBase.BaseClass" name="@AfterTest tearDown" time="0.0">
    <ignored/>
  </testcase> <!-- @AfterTest tearDown -->
  <testcase classname="testBase.BaseClass" name="@BeforeTest setup" time="0.0">
    <ignored/>
  </testcase> <!-- @BeforeTest setup -->
  <testcase classname="testBase.BaseClass" name="@BeforeTest setup" time="0.0">
    <ignored/>
  </testcase> <!-- @BeforeTest setup -->
  <testcase classname="testBase.BaseClass" name="@BeforeTest setup" time="0.0">
    <ignored/>
  </testcase> <!-- @BeforeTest setup -->
</testsuite> <!-- Chrome Test -->
